<?xml version="1.0" encoding="UTF-8"?>
<testng-results ignored="0" total="1" passed="1" failed="0" skipped="0">
  <reporter-output>
  </reporter-output>
  <suite started-at="2022-09-18T14:11:04 EDT" name="InetBankingV1" finished-at="2022-09-18T14:11:19 EDT" duration-ms="15259">
    <groups>
    </groups>
    <test started-at="2022-09-18T14:11:04 EDT" name="BankingAppTest" finished-at="2022-09-18T14:11:19 EDT" duration-ms="15259">
      <class name="com.inetBanking.testCases.TC_AddCustomerTest_003">
        <test-method is-config="true" signature="setUp(java.lang.String)[pri:0, instance:com.inetBanking.testCases.TC_AddCustomerTest_003@1cbbffcd]" started-at="2022-09-18T14:11:04 EDT" name="setUp" finished-at="2022-09-18T14:11:08 EDT" duration-ms="3752" status="PASS">
          <params>
            <param index="0">
              <value>
                <![CDATA[chrome]]>
              </value>
            </param>
          </params>
          <reporter-output>
          </reporter-output>
        </test-method> <!-- setUp -->
        <test-method signature="addNewCustomer()[pri:0, instance:com.inetBanking.testCases.TC_AddCustomerTest_003@1cbbffcd]" started-at="2022-09-18T14:11:08 EDT" name="addNewCustomer" finished-at="2022-09-18T14:11:19 EDT" duration-ms="10976" status="PASS">
          <reporter-output>
          </reporter-output>
        </test-method> <!-- addNewCustomer -->
        <test-method is-config="true" signature="tearDown()[pri:0, instance:com.inetBanking.testCases.TC_AddCustomerTest_003@1cbbffcd]" started-at="2022-09-18T14:11:19 EDT" name="tearDown" finished-at="2022-09-18T14:11:19 EDT" duration-ms="194" status="PASS">
          <reporter-output>
          </reporter-output>
        </test-method> <!-- tearDown -->
      </class> <!-- com.inetBanking.testCases.TC_AddCustomerTest_003 -->
    </test> <!-- BankingAppTest -->
  </suite> <!-- InetBankingV1 -->
</testng-results>
