<?xml version="1.0" encoding="UTF-8"?>
<testng-results ignored="0" total="1" passed="1" failed="0" skipped="0">
  <reporter-output>
  </reporter-output>
  <suite started-at="2022-09-17T20:00:17 EDT" name="InetBankingV1" finished-at="2022-09-17T20:00:30 EDT" duration-ms="12976">
    <groups>
    </groups>
    <test started-at="2022-09-17T20:00:17 EDT" name="BankingAppTest" finished-at="2022-09-17T20:00:30 EDT" duration-ms="12976">
      <class name="com.inetBanking.testCases.TC_AddCustomerTest_003">
        <test-method is-config="true" signature="setUp(java.lang.String)[pri:0, instance:com.inetBanking.testCases.TC_AddCustomerTest_003@235834f2]" started-at="2022-09-17T20:00:18 EDT" name="setUp" finished-at="2022-09-17T20:00:20 EDT" duration-ms="1874" status="PASS">
          <params>
            <param index="0">
              <value>
                <![CDATA[chrome]]>
              </value>
            </param>
          </params>
          <reporter-output>
          </reporter-output>
        </test-method> <!-- setUp -->
        <test-method signature="addNewCustomer()[pri:0, instance:com.inetBanking.testCases.TC_AddCustomerTest_003@235834f2]" started-at="2022-09-17T20:00:20 EDT" name="addNewCustomer" finished-at="2022-09-17T20:00:30 EDT" duration-ms="10566" status="PASS">
          <reporter-output>
          </reporter-output>
        </test-method> <!-- addNewCustomer -->
        <test-method is-config="true" signature="tearDown()[pri:0, instance:com.inetBanking.testCases.TC_AddCustomerTest_003@235834f2]" started-at="2022-09-17T20:00:30 EDT" name="tearDown" finished-at="2022-09-17T20:00:30 EDT" duration-ms="202" status="PASS">
          <reporter-output>
          </reporter-output>
        </test-method> <!-- tearDown -->
      </class> <!-- com.inetBanking.testCases.TC_AddCustomerTest_003 -->
    </test> <!-- BankingAppTest -->
  </suite> <!-- InetBankingV1 -->
</testng-results>
